This file contains any messages produced by compilers while
running configure, to aid debugging if configure makes a mistake.

It was created by uperf configure 1.0.7, which was
generated by GNU Autoconf 2.71.  Invocation command line was

  $ ./configure --enable-netstat=no --enable-sctp=no --enable-ssl=no

## --------- ##
## Platform. ##
## --------- ##

hostname = ovnhybrid
uname -m = x86_64
uname -r = 3.3.6-341.x86_64
uname -s = CYGWIN_NT-10.0-17763
uname -v = 2022-09-05 11:15 UTC

/usr/bin/uname -p = unknown
/bin/uname -X     = unknown

/bin/arch              = x86_64
/usr/bin/arch -k       = unknown
/usr/convex/getsysinfo = unknown
/usr/bin/hostinfo      = unknown
/bin/machine           = unknown
/usr/bin/oslevel       = unknown
/bin/universe          = unknown

PATH: /usr/local/bin/
PATH: /usr/bin/
PATH: /cygdrive/c/Windows/system32/
PATH: /cygdrive/c/Windows/
PATH: /cygdrive/c/Windows/System32/Wbem/
PATH: /cygdrive/c/Windows/System32/WindowsPowerShell/v1.0/
PATH: /cygdrive/c/Windows/System32/OpenSSH/
PATH: /cygdrive/c/Program Files/Docker/Docker/resources/bin/
PATH: /cygdrive/c/ProgramData/DockerDesktop/version-bin/
PATH: /cygdrive/c/Users/vkommadi/AppData/Local/Microsoft/WindowsApps/


## ----------- ##
## Core tests. ##
## ----------- ##

configure:2427: looking for aux files: compile missing install-sh
configure:2440:  trying ./
configure:2469:   ./compile found
configure:2469:   ./missing found
configure:2451:   ./install-sh found
configure:2607: checking for a BSD-compatible install
configure:2680: result: /usr/bin/install -c
configure:2691: checking whether build environment is sane
configure:2746: result: yes
configure:2905: checking for a race-free mkdir -p
configure:2949: result: /usr/bin/mkdir -p
configure:2956: checking for gawk
configure:2977: found /usr/bin/gawk
configure:2988: result: gawk
configure:2999: checking whether make sets $(MAKE)
configure:3022: result: yes
configure:3052: checking whether make supports nested variables
configure:3070: result: yes
configure:3219: checking whether make supports the include directive
configure:3234: make -f confmf.GNU && cat confinc.out
this is the am__doit target
configure:3237: $? = 0
configure:3256: result: yes (GNU style)
configure:3332: checking for gcc
configure:3353: found /usr/bin/gcc
configure:3364: result: gcc
configure:3717: checking for C compiler version
configure:3726: gcc --version >&5
gcc (GCC) 11.3.0
Copyright (C) 2021 Free Software Foundation, Inc.
This is free software; see the source for copying conditions.  There is NO
warranty; not even for MERCHANTABILITY or FITNESS FOR A PARTICULAR PURPOSE.

configure:3737: $? = 0
configure:3726: gcc -v >&5
Using built-in specs.
COLLECT_GCC=gcc
COLLECT_LTO_WRAPPER=/usr/lib/gcc/x86_64-pc-cygwin/11/lto-wrapper.exe
Target: x86_64-pc-cygwin
Configured with: /mnt/share/cygpkgs/gcc/gcc.x86_64/src/gcc-11.3.0/configure --srcdir=/mnt/share/cygpkgs/gcc/gcc.x86_64/src/gcc-11.3.0 --prefix=/usr --exec-prefix=/usr --localstatedir=/var --sysconfdir=/etc --docdir=/usr/share/doc/gcc --htmldir=/usr/share/doc/gcc/html -C --build=x86_64-pc-cygwin --host=x86_64-pc-cygwin --target=x86_64-pc-cygwin --without-libiconv-prefix --without-libintl-prefix --libexecdir=/usr/lib --with-gcc-major-version-only --enable-shared --enable-shared-libgcc --enable-static --enable-version-specific-runtime-libs --enable-bootstrap --enable-__cxa_atexit --with-dwarf2 --with-tune=generic --enable-languages=c,c++,fortran,lto,objc,obj-c++,jit --enable-graphite --enable-threads=posix --enable-libatomic --enable-libgomp --enable-libquadmath --enable-libquadmath-support --disable-libssp --enable-libada --disable-symvers --with-gnu-ld --with-gnu-as --with-cloog-include=/usr/include/cloog-isl --without-libiconv-prefix --without-libintl-prefix --with-system-zlib --enable-linker-build-id --with-default-libstdcxx-abi=gcc4-compatible --enable-libstdcxx-filesystem-ts
Thread model: posix
Supported LTO compression algorithms: zlib zstd
gcc version 11.3.0 (GCC) 
configure:3737: $? = 0
configure:3726: gcc -V >&5
gcc: error: unrecognized command-line option '-V'
gcc: fatal error: no input files
compilation terminated.
configure:3737: $? = 1
configure:3726: gcc -qversion >&5
gcc: error: unrecognized command-line option '-qversion'; did you mean '--version'?
gcc: fatal error: no input files
compilation terminated.
configure:3737: $? = 1
configure:3726: gcc -version >&5
gcc: error: unrecognized command-line option '-version'
gcc: fatal error: no input files
compilation terminated.
configure:3737: $? = 1
configure:3757: checking whether the C compiler works
configure:3779: gcc    conftest.c  >&5
configure:3783: $? = 0
configure:3833: result: yes
configure:3836: checking for C compiler default output file name
configure:3838: result: a.exe
configure:3844: checking for suffix of executables
configure:3851: gcc -o conftest.exe    conftest.c  >&5
configure:3855: $? = 0
configure:3878: result: .exe
configure:3900: checking whether we are cross compiling
configure:3908: gcc -o conftest.exe    conftest.c  >&5
configure:3912: $? = 0
configure:3919: ./conftest.exe
configure:3923: $? = 0
configure:3938: result: no
configure:3943: checking for suffix of object files
configure:3966: gcc -c   conftest.c >&5
configure:3970: $? = 0
configure:3992: result: o
configure:3996: checking whether the compiler supports GNU C
configure:4016: gcc -c   conftest.c >&5
configure:4016: $? = 0
configure:4026: result: yes
configure:4037: checking whether gcc accepts -g
configure:4058: gcc -c -g  conftest.c >&5
configure:4058: $? = 0
configure:4102: result: yes
configure:4122: checking for gcc option to enable C11 features
configure:4137: gcc  -c   conftest.c >&5
configure:4137: $? = 0
configure:4155: result: none needed
configure:4271: checking whether gcc understands -c and -o together
configure:4294: gcc -c conftest.c -o conftest2.o
configure:4297: $? = 0
configure:4294: gcc -c conftest.c -o conftest2.o
configure:4297: $? = 0
configure:4309: result: yes
configure:4328: checking dependency style of gcc
configure:4440: result: gcc3
configure:4504: checking for ranlib
configure:4525: found /usr/bin/ranlib
configure:4536: result: ranlib
configure:4558: checking whether make sets $(MAKE)
configure:4581: result: yes
configure:4596: *** Setting flags for gcc ***
configure:4686: checking for hrtime_t
configure:4686: gcc -c  -O2 -D_REENTRANT  conftest.c >&5
conftest.c: In function 'main':
conftest.c:16:13: error: 'hrtime_t' undeclared (first use in this function); did you mean 'time_t'?
   16 | if (sizeof (hrtime_t))
      |             ^~~~~~~~
      |             time_t
conftest.c:16:13: note: each undeclared identifier is reported only once for each function it appears in
configure:4686: $? = 1
configure: failed program was:
| /* confdefs.h */
| #define PACKAGE_NAME "uperf"
| #define PACKAGE_TARNAME "uperf"
| #define PACKAGE_VERSION "1.0.7"
| #define PACKAGE_STRING "uperf 1.0.7"
| #define PACKAGE_BUGREPORT "realneel@gmail.com"
| #define PACKAGE_URL ""
| #define PACKAGE "uperf"
| #define VERSION "1.0.7"
| /* end confdefs.h.  */
| #include <sys/time.h>
| 
| int
| main (void)
| {
| if (sizeof (hrtime_t))
| 	 return 0;
|   ;
|   return 0;
| }
configure:4686: result: no
configure:4696: checking for uint64_t
configure:4696: gcc -c  -O2 -D_REENTRANT  conftest.c >&5
configure:4696: $? = 0
configure:4696: gcc -c  -O2 -D_REENTRANT  conftest.c >&5
conftest.c: In function 'main':
conftest.c:16:23: error: expected expression before ')' token
   16 | if (sizeof ((uint64_t)))
      |                       ^
configure:4696: $? = 1
configure: failed program was:
| /* confdefs.h */
| #define PACKAGE_NAME "uperf"
| #define PACKAGE_TARNAME "uperf"
| #define PACKAGE_VERSION "1.0.7"
| #define PACKAGE_STRING "uperf 1.0.7"
| #define PACKAGE_BUGREPORT "realneel@gmail.com"
| #define PACKAGE_URL ""
| #define PACKAGE "uperf"
| #define VERSION "1.0.7"
| /* end confdefs.h.  */
| #include <stdint.h>
| 
| int
| main (void)
| {
| if (sizeof ((uint64_t)))
| 	    return 0;
|   ;
|   return 0;
| }
configure:4696: result: yes
configure:4705: checking for uint32_t
configure:4705: gcc -c  -O2 -D_REENTRANT  conftest.c >&5
configure:4705: $? = 0
configure:4705: gcc -c  -O2 -D_REENTRANT  conftest.c >&5
conftest.c: In function 'main':
conftest.c:17:23: error: expected expression before ')' token
   17 | if (sizeof ((uint32_t)))
      |                       ^
configure:4705: $? = 1
configure: failed program was:
| /* confdefs.h */
| #define PACKAGE_NAME "uperf"
| #define PACKAGE_TARNAME "uperf"
| #define PACKAGE_VERSION "1.0.7"
| #define PACKAGE_STRING "uperf 1.0.7"
| #define PACKAGE_BUGREPORT "realneel@gmail.com"
| #define PACKAGE_URL ""
| #define PACKAGE "uperf"
| #define VERSION "1.0.7"
| #define HAVE_UINT64_T 1
| /* end confdefs.h.  */
| #include <stdint.h>
| 
| int
| main (void)
| {
| if (sizeof ((uint32_t)))
| 	    return 0;
|   ;
|   return 0;
| }
configure:4705: result: yes
configure:4717: checking if we can use getrusage
configure:4724: gcc -c  -O2 -D_REENTRANT  conftest.c >&5
conftest.c:14:23: error: 'RUSAGE_LWP' undeclared here (not in a function)
   14 |                 int i=RUSAGE_LWP;
      |                       ^~~~~~~~~~
configure:4724: $? = 1
configure: failed program was:
| /* confdefs.h */
| #define PACKAGE_NAME "uperf"
| #define PACKAGE_TARNAME "uperf"
| #define PACKAGE_VERSION "1.0.7"
| #define PACKAGE_STRING "uperf 1.0.7"
| #define PACKAGE_BUGREPORT "realneel@gmail.com"
| #define PACKAGE_URL ""
| #define PACKAGE "uperf"
| #define VERSION "1.0.7"
| #define HAVE_UINT64_T 1
| #define HAVE_UINT32_T 1
| /* end confdefs.h.  */
| #include <sys/resource.h>
| 		int i=RUSAGE_LWP;
configure:4734: result: no
configure:4742: checking BSWAP_ macros
configure:4749: gcc -o conftest.exe  -O2 -D_REENTRANT   conftest.c  >&5
conftest.c:13:10: fatal error: sys/byteorder.h: No such file or directory
   13 | #include <sys/byteorder.h>
      |          ^~~~~~~~~~~~~~~~~
compilation terminated.
configure:4749: $? = 1
configure: failed program was:
| /* confdefs.h */
| #define PACKAGE_NAME "uperf"
| #define PACKAGE_TARNAME "uperf"
| #define PACKAGE_VERSION "1.0.7"
| #define PACKAGE_STRING "uperf 1.0.7"
| #define PACKAGE_BUGREPORT "realneel@gmail.com"
| #define PACKAGE_URL ""
| #define PACKAGE "uperf"
| #define VERSION "1.0.7"
| #define HAVE_UINT64_T 1
| #define HAVE_UINT32_T 1
| /* end confdefs.h.  */
| #include <sys/byteorder.h>
| 		int main(int argc, char *argv[]){int i=BSWAP_32(1);}
configure:4758: result: no
configure:4765: checking sendfilev
configure:4772: gcc -o conftest.exe  -O2 -D_REENTRANT   conftest.c  >&5
conftest.c:13:10: fatal error: sys/sendfile.h: No such file or directory
   13 | #include <sys/sendfile.h>
      |          ^~~~~~~~~~~~~~~~
compilation terminated.
configure:4772: $? = 1
configure: failed program was:
| /* confdefs.h */
| #define PACKAGE_NAME "uperf"
| #define PACKAGE_TARNAME "uperf"
| #define PACKAGE_VERSION "1.0.7"
| #define PACKAGE_STRING "uperf 1.0.7"
| #define PACKAGE_BUGREPORT "realneel@gmail.com"
| #define PACKAGE_URL ""
| #define PACKAGE "uperf"
| #define VERSION "1.0.7"
| #define HAVE_UINT64_T 1
| #define HAVE_UINT32_T 1
| /* end confdefs.h.  */
| #include <sys/sendfile.h>
| 		main() {int i=sendfilev(1,0, 1, 0);}
configure:4778: result: no
configure:4788: checking if we can have working PTHREAD_PROCESS_SHARED
configure:4839: gcc -o conftest.exe  -O2 -D_REENTRANT   conftest.c  >&5
configure:4839: $? = 0
configure:4839: ./conftest.exe
configure:4839: $? = 1
configure: program exited with status 1
configure: failed program was:
| /* confdefs.h */
| #define PACKAGE_NAME "uperf"
| #define PACKAGE_TARNAME "uperf"
| #define PACKAGE_VERSION "1.0.7"
| #define PACKAGE_STRING "uperf 1.0.7"
| #define PACKAGE_BUGREPORT "realneel@gmail.com"
| #define PACKAGE_URL ""
| #define PACKAGE "uperf"
| #define VERSION "1.0.7"
| #define HAVE_UINT64_T 1
| #define HAVE_UINT32_T 1
| /* end confdefs.h.  */
| 
| #include <pthread.h>
| #include <sys/types.h>
| int
| main(int argc, char *argv[])
| {
| 	pthread_rwlockattr_t rwattr;
| 	pthread_rwlock_t barrier;
| 	pthread_mutexattr_t attr;
| 	pthread_mutex_t lock;
| 
| 	if (pthread_mutexattr_init(&attr)) {
| 		return (1);
| 	}
| 	if (pthread_mutexattr_setpshared(&attr, PTHREAD_PROCESS_SHARED)) {
| 		return (1);
| 	}
| 	if (pthread_mutex_init(&lock, &attr)) {
| 		return (1);
| 	}
| 	if (pthread_mutex_lock(&lock)) {
| 		return (1);
| 	}
| 	if (pthread_mutex_unlock(&lock)) {
| 		return (1);
| 	}
| 	if (pthread_rwlockattr_init(&rwattr))
| 		return (1);
| 	if (pthread_rwlockattr_setpshared(&rwattr, PTHREAD_PROCESS_SHARED))
| 		return (1);
| 	if (pthread_rwlock_init(&barrier, &rwattr))
| 		return (1);
| 	if (pthread_rwlock_wrlock(&barrier))
| 		return (1);
| 	if (pthread_rwlock_unlock(&barrier))
| 		return (1);
| 	return (0);
| }
configure:4845: result: no
configure:4866: checking whether to enable cpu performance counters support?
configure:4877: result: yes
configure:4879: checking for cpc_open in -lcpc
configure:4902: gcc -o conftest.exe  -O2 -D_REENTRANT   conftest.c -lcpc   >&5
/usr/lib/gcc/x86_64-pc-cygwin/11/../../../../x86_64-pc-cygwin/bin/ld: cannot find -lcpc: No such file or directory
collect2: error: ld returned 1 exit status
configure:4902: $? = 1
configure: failed program was:
| /* confdefs.h */
| #define PACKAGE_NAME "uperf"
| #define PACKAGE_TARNAME "uperf"
| #define PACKAGE_VERSION "1.0.7"
| #define PACKAGE_STRING "uperf 1.0.7"
| #define PACKAGE_BUGREPORT "realneel@gmail.com"
| #define PACKAGE_URL ""
| #define PACKAGE "uperf"
| #define VERSION "1.0.7"
| #define HAVE_UINT64_T 1
| #define HAVE_UINT32_T 1
| #define STRAND_THREAD_ONLY 1
| /* end confdefs.h.  */
| 
| /* Override any GCC internal prototype to avoid an error.
|    Use char because int might match the return type of a GCC
|    builtin and then its argument prototype would still apply.  */
| char cpc_open ();
| int
| main (void)
| {
| return cpc_open ();
|   ;
|   return 0;
| }
configure:4912: result: no
configure:4940: checking for cpc_version in -lcpc
configure:4963: gcc -o conftest.exe  -O2 -D_REENTRANT   conftest.c -lcpc   >&5
/usr/lib/gcc/x86_64-pc-cygwin/11/../../../../x86_64-pc-cygwin/bin/ld: cannot find -lcpc: No such file or directory
collect2: error: ld returned 1 exit status
configure:4963: $? = 1
configure: failed program was:
| /* confdefs.h */
| #define PACKAGE_NAME "uperf"
| #define PACKAGE_TARNAME "uperf"
| #define PACKAGE_VERSION "1.0.7"
| #define PACKAGE_STRING "uperf 1.0.7"
| #define PACKAGE_BUGREPORT "realneel@gmail.com"
| #define PACKAGE_URL ""
| #define PACKAGE "uperf"
| #define VERSION "1.0.7"
| #define HAVE_UINT64_T 1
| #define HAVE_UINT32_T 1
| #define STRAND_THREAD_ONLY 1
| /* end confdefs.h.  */
| 
| /* Override any GCC internal prototype to avoid an error.
|    Use char because int might match the return type of a GCC
|    builtin and then its argument prototype would still apply.  */
| char cpc_version ();
| int
| main (void)
| {
| return cpc_version ();
|   ;
|   return 0;
| }
configure:4973: result: no
configure:5033: checking for kstat_open in -lkstat
configure:5056: gcc -o conftest.exe  -O2 -D_REENTRANT   conftest.c -lkstat   >&5
/usr/lib/gcc/x86_64-pc-cygwin/11/../../../../x86_64-pc-cygwin/bin/ld: cannot find -lkstat: No such file or directory
collect2: error: ld returned 1 exit status
configure:5056: $? = 1
configure: failed program was:
| /* confdefs.h */
| #define PACKAGE_NAME "uperf"
| #define PACKAGE_TARNAME "uperf"
| #define PACKAGE_VERSION "1.0.7"
| #define PACKAGE_STRING "uperf 1.0.7"
| #define PACKAGE_BUGREPORT "realneel@gmail.com"
| #define PACKAGE_URL ""
| #define PACKAGE "uperf"
| #define VERSION "1.0.7"
| #define HAVE_UINT64_T 1
| #define HAVE_UINT32_T 1
| #define STRAND_THREAD_ONLY 1
| #define HAVE_CPC 0
| /* end confdefs.h.  */
| 
| /* Override any GCC internal prototype to avoid an error.
|    Use char because int might match the return type of a GCC
|    builtin and then its argument prototype would still apply.  */
| char kstat_open ();
| int
| main (void)
| {
| return kstat_open ();
|   ;
|   return 0;
| }
configure:5066: result: no
configure:5097: checking whether to enable netstat support
configure:5131: result: no
configure:5139: checking for stdio.h
configure:5139: gcc -c  -O2 -D_REENTRANT  conftest.c >&5
configure:5139: $? = 0
configure:5139: result: yes
configure:5139: checking for stdlib.h
configure:5139: gcc -c  -O2 -D_REENTRANT  conftest.c >&5
configure:5139: $? = 0
configure:5139: result: yes
configure:5139: checking for string.h
configure:5139: gcc -c  -O2 -D_REENTRANT  conftest.c >&5
configure:5139: $? = 0
configure:5139: result: yes
configure:5139: checking for inttypes.h
configure:5139: gcc -c  -O2 -D_REENTRANT  conftest.c >&5
configure:5139: $? = 0
configure:5139: result: yes
configure:5139: checking for stdint.h
configure:5139: gcc -c  -O2 -D_REENTRANT  conftest.c >&5
configure:5139: $? = 0
configure:5139: result: yes
configure:5139: checking for strings.h
configure:5139: gcc -c  -O2 -D_REENTRANT  conftest.c >&5
configure:5139: $? = 0
configure:5139: result: yes
configure:5139: checking for sys/stat.h
configure:5139: gcc -c  -O2 -D_REENTRANT  conftest.c >&5
configure:5139: $? = 0
configure:5139: result: yes
configure:5139: checking for sys/types.h
configure:5139: gcc -c  -O2 -D_REENTRANT  conftest.c >&5
configure:5139: $? = 0
configure:5139: result: yes
configure:5139: checking for unistd.h
configure:5139: gcc -c  -O2 -D_REENTRANT  conftest.c >&5
configure:5139: $? = 0
configure:5139: result: yes
configure:5164: checking for stdatomic.h
configure:5164: gcc -c  -O2 -D_REENTRANT  conftest.c >&5
configure:5164: $? = 0
configure:5164: result: yes
configure:5170: checking for atomic.h
configure:5170: gcc -c  -O2 -D_REENTRANT  conftest.c >&5
conftest.c:54:10: fatal error: atomic.h: No such file or directory
   54 | #include <atomic.h>
      |          ^~~~~~~~~~
compilation terminated.
configure:5170: $? = 1
configure: failed program was:
| /* confdefs.h */
| #define PACKAGE_NAME "uperf"
| #define PACKAGE_TARNAME "uperf"
| #define PACKAGE_VERSION "1.0.7"
| #define PACKAGE_STRING "uperf 1.0.7"
| #define PACKAGE_BUGREPORT "realneel@gmail.com"
| #define PACKAGE_URL ""
| #define PACKAGE "uperf"
| #define VERSION "1.0.7"
| #define HAVE_UINT64_T 1
| #define HAVE_UINT32_T 1
| #define STRAND_THREAD_ONLY 1
| #define HAVE_CPC 0
| #define HAVE_STDIO_H 1
| #define HAVE_STDLIB_H 1
| #define HAVE_STRING_H 1
| #define HAVE_INTTYPES_H 1
| #define HAVE_STDINT_H 1
| #define HAVE_STRINGS_H 1
| #define HAVE_SYS_STAT_H 1
| #define HAVE_SYS_TYPES_H 1
| #define HAVE_UNISTD_H 1
| #define STDC_HEADERS 1
| #define HAVE_STDATOMIC_H 1
| /* end confdefs.h.  */
| #include <stddef.h>
| #ifdef HAVE_STDIO_H
| # include <stdio.h>
| #endif
| #ifdef HAVE_STDLIB_H
| # include <stdlib.h>
| #endif
| #ifdef HAVE_STRING_H
| # include <string.h>
| #endif
| #ifdef HAVE_INTTYPES_H
| # include <inttypes.h>
| #endif
| #ifdef HAVE_STDINT_H
| # include <stdint.h>
| #endif
| #ifdef HAVE_STRINGS_H
| # include <strings.h>
| #endif
| #ifdef HAVE_SYS_TYPES_H
| # include <sys/types.h>
| #endif
| #ifdef HAVE_SYS_STAT_H
| # include <sys/stat.h>
| #endif
| #ifdef HAVE_UNISTD_H
| # include <unistd.h>
| #endif
| #include <atomic.h>
configure:5170: result: no
configure:5176: checking for siginfo.h
configure:5176: gcc -c  -O2 -D_REENTRANT  conftest.c >&5
conftest.c:54:10: fatal error: siginfo.h: No such file or directory
   54 | #include <siginfo.h>
      |          ^~~~~~~~~~~
compilation terminated.
configure:5176: $? = 1
configure: failed program was:
| /* confdefs.h */
| #define PACKAGE_NAME "uperf"
| #define PACKAGE_TARNAME "uperf"
| #define PACKAGE_VERSION "1.0.7"
| #define PACKAGE_STRING "uperf 1.0.7"
| #define PACKAGE_BUGREPORT "realneel@gmail.com"
| #define PACKAGE_URL ""
| #define PACKAGE "uperf"
| #define VERSION "1.0.7"
| #define HAVE_UINT64_T 1
| #define HAVE_UINT32_T 1
| #define STRAND_THREAD_ONLY 1
| #define HAVE_CPC 0
| #define HAVE_STDIO_H 1
| #define HAVE_STDLIB_H 1
| #define HAVE_STRING_H 1
| #define HAVE_INTTYPES_H 1
| #define HAVE_STDINT_H 1
| #define HAVE_STRINGS_H 1
| #define HAVE_SYS_STAT_H 1
| #define HAVE_SYS_TYPES_H 1
| #define HAVE_UNISTD_H 1
| #define STDC_HEADERS 1
| #define HAVE_STDATOMIC_H 1
| /* end confdefs.h.  */
| #include <stddef.h>
| #ifdef HAVE_STDIO_H
| # include <stdio.h>
| #endif
| #ifdef HAVE_STDLIB_H
| # include <stdlib.h>
| #endif
| #ifdef HAVE_STRING_H
| # include <string.h>
| #endif
| #ifdef HAVE_INTTYPES_H
| # include <inttypes.h>
| #endif
| #ifdef HAVE_STDINT_H
| # include <stdint.h>
| #endif
| #ifdef HAVE_STRINGS_H
| # include <strings.h>
| #endif
| #ifdef HAVE_SYS_TYPES_H
| # include <sys/types.h>
| #endif
| #ifdef HAVE_SYS_STAT_H
| # include <sys/stat.h>
| #endif
| #ifdef HAVE_UNISTD_H
| # include <unistd.h>
| #endif
| #include <siginfo.h>
configure:5176: result: no
configure:5182: checking for sys/int_limits.h
configure:5182: gcc -c  -O2 -D_REENTRANT  conftest.c >&5
conftest.c:54:10: fatal error: sys/int_limits.h: No such file or directory
   54 | #include <sys/int_limits.h>
      |          ^~~~~~~~~~~~~~~~~~
compilation terminated.
configure:5182: $? = 1
configure: failed program was:
| /* confdefs.h */
| #define PACKAGE_NAME "uperf"
| #define PACKAGE_TARNAME "uperf"
| #define PACKAGE_VERSION "1.0.7"
| #define PACKAGE_STRING "uperf 1.0.7"
| #define PACKAGE_BUGREPORT "realneel@gmail.com"
| #define PACKAGE_URL ""
| #define PACKAGE "uperf"
| #define VERSION "1.0.7"
| #define HAVE_UINT64_T 1
| #define HAVE_UINT32_T 1
| #define STRAND_THREAD_ONLY 1
| #define HAVE_CPC 0
| #define HAVE_STDIO_H 1
| #define HAVE_STDLIB_H 1
| #define HAVE_STRING_H 1
| #define HAVE_INTTYPES_H 1
| #define HAVE_STDINT_H 1
| #define HAVE_STRINGS_H 1
| #define HAVE_SYS_STAT_H 1
| #define HAVE_SYS_TYPES_H 1
| #define HAVE_UNISTD_H 1
| #define STDC_HEADERS 1
| #define HAVE_STDATOMIC_H 1
| /* end confdefs.h.  */
| #include <stddef.h>
| #ifdef HAVE_STDIO_H
| # include <stdio.h>
| #endif
| #ifdef HAVE_STDLIB_H
| # include <stdlib.h>
| #endif
| #ifdef HAVE_STRING_H
| # include <string.h>
| #endif
| #ifdef HAVE_INTTYPES_H
| # include <inttypes.h>
| #endif
| #ifdef HAVE_STDINT_H
| # include <stdint.h>
| #endif
| #ifdef HAVE_STRINGS_H
| # include <strings.h>
| #endif
| #ifdef HAVE_SYS_TYPES_H
| # include <sys/types.h>
| #endif
| #ifdef HAVE_SYS_STAT_H
| # include <sys/stat.h>
| #endif
| #ifdef HAVE_UNISTD_H
| # include <unistd.h>
| #endif
| #include <sys/int_limits.h>
configure:5182: result: no
configure:5188: checking for sys/lwp.h
configure:5188: gcc -c  -O2 -D_REENTRANT  conftest.c >&5
conftest.c:54:10: fatal error: sys/lwp.h: No such file or directory
   54 | #include <sys/lwp.h>
      |          ^~~~~~~~~~~
compilation terminated.
configure:5188: $? = 1
configure: failed program was:
| /* confdefs.h */
| #define PACKAGE_NAME "uperf"
| #define PACKAGE_TARNAME "uperf"
| #define PACKAGE_VERSION "1.0.7"
| #define PACKAGE_STRING "uperf 1.0.7"
| #define PACKAGE_BUGREPORT "realneel@gmail.com"
| #define PACKAGE_URL ""
| #define PACKAGE "uperf"
| #define VERSION "1.0.7"
| #define HAVE_UINT64_T 1
| #define HAVE_UINT32_T 1
| #define STRAND_THREAD_ONLY 1
| #define HAVE_CPC 0
| #define HAVE_STDIO_H 1
| #define HAVE_STDLIB_H 1
| #define HAVE_STRING_H 1
| #define HAVE_INTTYPES_H 1
| #define HAVE_STDINT_H 1
| #define HAVE_STRINGS_H 1
| #define HAVE_SYS_STAT_H 1
| #define HAVE_SYS_TYPES_H 1
| #define HAVE_UNISTD_H 1
| #define STDC_HEADERS 1
| #define HAVE_STDATOMIC_H 1
| /* end confdefs.h.  */
| #include <stddef.h>
| #ifdef HAVE_STDIO_H
| # include <stdio.h>
| #endif
| #ifdef HAVE_STDLIB_H
| # include <stdlib.h>
| #endif
| #ifdef HAVE_STRING_H
| # include <string.h>
| #endif
| #ifdef HAVE_INTTYPES_H
| # include <inttypes.h>
| #endif
| #ifdef HAVE_STDINT_H
| # include <stdint.h>
| #endif
| #ifdef HAVE_STRINGS_H
| # include <strings.h>
| #endif
| #ifdef HAVE_SYS_TYPES_H
| # include <sys/types.h>
| #endif
| #ifdef HAVE_SYS_STAT_H
| # include <sys/stat.h>
| #endif
| #ifdef HAVE_UNISTD_H
| # include <unistd.h>
| #endif
| #include <sys/lwp.h>
configure:5188: result: no
configure:5194: checking for signal.h
configure:5194: gcc -c  -O2 -D_REENTRANT  conftest.c >&5
configure:5194: $? = 0
configure:5194: result: yes
configure:5200: checking for sys/byteorder.h
configure:5200: gcc -c  -O2 -D_REENTRANT  conftest.c >&5
conftest.c:55:10: fatal error: sys/byteorder.h: No such file or directory
   55 | #include <sys/byteorder.h>
      |          ^~~~~~~~~~~~~~~~~
compilation terminated.
configure:5200: $? = 1
configure: failed program was:
| /* confdefs.h */
| #define PACKAGE_NAME "uperf"
| #define PACKAGE_TARNAME "uperf"
| #define PACKAGE_VERSION "1.0.7"
| #define PACKAGE_STRING "uperf 1.0.7"
| #define PACKAGE_BUGREPORT "realneel@gmail.com"
| #define PACKAGE_URL ""
| #define PACKAGE "uperf"
| #define VERSION "1.0.7"
| #define HAVE_UINT64_T 1
| #define HAVE_UINT32_T 1
| #define STRAND_THREAD_ONLY 1
| #define HAVE_CPC 0
| #define HAVE_STDIO_H 1
| #define HAVE_STDLIB_H 1
| #define HAVE_STRING_H 1
| #define HAVE_INTTYPES_H 1
| #define HAVE_STDINT_H 1
| #define HAVE_STRINGS_H 1
| #define HAVE_SYS_STAT_H 1
| #define HAVE_SYS_TYPES_H 1
| #define HAVE_UNISTD_H 1
| #define STDC_HEADERS 1
| #define HAVE_STDATOMIC_H 1
| #define HAVE_SIGNAL_H 1
| /* end confdefs.h.  */
| #include <stddef.h>
| #ifdef HAVE_STDIO_H
| # include <stdio.h>
| #endif
| #ifdef HAVE_STDLIB_H
| # include <stdlib.h>
| #endif
| #ifdef HAVE_STRING_H
| # include <string.h>
| #endif
| #ifdef HAVE_INTTYPES_H
| # include <inttypes.h>
| #endif
| #ifdef HAVE_STDINT_H
| # include <stdint.h>
| #endif
| #ifdef HAVE_STRINGS_H
| # include <strings.h>
| #endif
| #ifdef HAVE_SYS_TYPES_H
| # include <sys/types.h>
| #endif
| #ifdef HAVE_SYS_STAT_H
| # include <sys/stat.h>
| #endif
| #ifdef HAVE_UNISTD_H
| # include <unistd.h>
| #endif
| #include <sys/byteorder.h>
configure:5200: result: no
configure:5206: checking for poll.h
configure:5206: gcc -c  -O2 -D_REENTRANT  conftest.c >&5
configure:5206: $? = 0
configure:5206: result: yes
configure:5212: checking for sys/poll.h
configure:5212: gcc -c  -O2 -D_REENTRANT  conftest.c >&5
configure:5212: $? = 0
configure:5212: result: yes
configure:5218: checking for sys/varargs.h
configure:5218: gcc -c  -O2 -D_REENTRANT  conftest.c >&5
conftest.c:57:10: fatal error: sys/varargs.h: No such file or directory
   57 | #include <sys/varargs.h>
      |          ^~~~~~~~~~~~~~~
compilation terminated.
configure:5218: $? = 1
configure: failed program was:
| /* confdefs.h */
| #define PACKAGE_NAME "uperf"
| #define PACKAGE_TARNAME "uperf"
| #define PACKAGE_VERSION "1.0.7"
| #define PACKAGE_STRING "uperf 1.0.7"
| #define PACKAGE_BUGREPORT "realneel@gmail.com"
| #define PACKAGE_URL ""
| #define PACKAGE "uperf"
| #define VERSION "1.0.7"
| #define HAVE_UINT64_T 1
| #define HAVE_UINT32_T 1
| #define STRAND_THREAD_ONLY 1
| #define HAVE_CPC 0
| #define HAVE_STDIO_H 1
| #define HAVE_STDLIB_H 1
| #define HAVE_STRING_H 1
| #define HAVE_INTTYPES_H 1
| #define HAVE_STDINT_H 1
| #define HAVE_STRINGS_H 1
| #define HAVE_SYS_STAT_H 1
| #define HAVE_SYS_TYPES_H 1
| #define HAVE_UNISTD_H 1
| #define STDC_HEADERS 1
| #define HAVE_STDATOMIC_H 1
| #define HAVE_SIGNAL_H 1
| #define HAVE_POLL_H 1
| #define HAVE_SYS_POLL_H 1
| /* end confdefs.h.  */
| #include <stddef.h>
| #ifdef HAVE_STDIO_H
| # include <stdio.h>
| #endif
| #ifdef HAVE_STDLIB_H
| # include <stdlib.h>
| #endif
| #ifdef HAVE_STRING_H
| # include <string.h>
| #endif
| #ifdef HAVE_INTTYPES_H
| # include <inttypes.h>
| #endif
| #ifdef HAVE_STDINT_H
| # include <stdint.h>
| #endif
| #ifdef HAVE_STRINGS_H
| # include <strings.h>
| #endif
| #ifdef HAVE_SYS_TYPES_H
| # include <sys/types.h>
| #endif
| #ifdef HAVE_SYS_STAT_H
| # include <sys/stat.h>
| #endif
| #ifdef HAVE_UNISTD_H
| # include <unistd.h>
| #endif
| #include <sys/varargs.h>
configure:5218: result: no
configure:5224: checking for stdint.h
configure:5224: result: yes
configure:5230: checking for termio.h
configure:5230: gcc -c  -O2 -D_REENTRANT  conftest.c >&5
configure:5230: $? = 0
configure:5230: result: yes
configure:5236: checking for stropts.h
configure:5236: gcc -c  -O2 -D_REENTRANT  conftest.c >&5
conftest.c:59:10: fatal error: stropts.h: No such file or directory
   59 | #include <stropts.h>
      |          ^~~~~~~~~~~
compilation terminated.
configure:5236: $? = 1
configure: failed program was:
| /* confdefs.h */
| #define PACKAGE_NAME "uperf"
| #define PACKAGE_TARNAME "uperf"
| #define PACKAGE_VERSION "1.0.7"
| #define PACKAGE_STRING "uperf 1.0.7"
| #define PACKAGE_BUGREPORT "realneel@gmail.com"
| #define PACKAGE_URL ""
| #define PACKAGE "uperf"
| #define VERSION "1.0.7"
| #define HAVE_UINT64_T 1
| #define HAVE_UINT32_T 1
| #define STRAND_THREAD_ONLY 1
| #define HAVE_CPC 0
| #define HAVE_STDIO_H 1
| #define HAVE_STDLIB_H 1
| #define HAVE_STRING_H 1
| #define HAVE_INTTYPES_H 1
| #define HAVE_STDINT_H 1
| #define HAVE_STRINGS_H 1
| #define HAVE_SYS_STAT_H 1
| #define HAVE_SYS_TYPES_H 1
| #define HAVE_UNISTD_H 1
| #define STDC_HEADERS 1
| #define HAVE_STDATOMIC_H 1
| #define HAVE_SIGNAL_H 1
| #define HAVE_POLL_H 1
| #define HAVE_SYS_POLL_H 1
| #define HAVE_STDINT_H 1
| #define HAVE_TERMIO_H 1
| /* end confdefs.h.  */
| #include <stddef.h>
| #ifdef HAVE_STDIO_H
| # include <stdio.h>
| #endif
| #ifdef HAVE_STDLIB_H
| # include <stdlib.h>
| #endif
| #ifdef HAVE_STRING_H
| # include <string.h>
| #endif
| #ifdef HAVE_INTTYPES_H
| # include <inttypes.h>
| #endif
| #ifdef HAVE_STDINT_H
| # include <stdint.h>
| #endif
| #ifdef HAVE_STRINGS_H
| # include <strings.h>
| #endif
| #ifdef HAVE_SYS_TYPES_H
| # include <sys/types.h>
| #endif
| #ifdef HAVE_SYS_STAT_H
| # include <sys/stat.h>
| #endif
| #ifdef HAVE_UNISTD_H
| # include <unistd.h>
| #endif
| #include <stropts.h>
configure:5236: result: no
configure:5242: checking for sys/ttycom.h
configure:5242: gcc -c  -O2 -D_REENTRANT  conftest.c >&5
conftest.c:59:10: fatal error: sys/ttycom.h: No such file or directory
   59 | #include <sys/ttycom.h>
      |          ^~~~~~~~~~~~~~
compilation terminated.
configure:5242: $? = 1
configure: failed program was:
| /* confdefs.h */
| #define PACKAGE_NAME "uperf"
| #define PACKAGE_TARNAME "uperf"
| #define PACKAGE_VERSION "1.0.7"
| #define PACKAGE_STRING "uperf 1.0.7"
| #define PACKAGE_BUGREPORT "realneel@gmail.com"
| #define PACKAGE_URL ""
| #define PACKAGE "uperf"
| #define VERSION "1.0.7"
| #define HAVE_UINT64_T 1
| #define HAVE_UINT32_T 1
| #define STRAND_THREAD_ONLY 1
| #define HAVE_CPC 0
| #define HAVE_STDIO_H 1
| #define HAVE_STDLIB_H 1
| #define HAVE_STRING_H 1
| #define HAVE_INTTYPES_H 1
| #define HAVE_STDINT_H 1
| #define HAVE_STRINGS_H 1
| #define HAVE_SYS_STAT_H 1
| #define HAVE_SYS_TYPES_H 1
| #define HAVE_UNISTD_H 1
| #define STDC_HEADERS 1
| #define HAVE_STDATOMIC_H 1
| #define HAVE_SIGNAL_H 1
| #define HAVE_POLL_H 1
| #define HAVE_SYS_POLL_H 1
| #define HAVE_STDINT_H 1
| #define HAVE_TERMIO_H 1
| /* end confdefs.h.  */
| #include <stddef.h>
| #ifdef HAVE_STDIO_H
| # include <stdio.h>
| #endif
| #ifdef HAVE_STDLIB_H
| # include <stdlib.h>
| #endif
| #ifdef HAVE_STRING_H
| # include <string.h>
| #endif
| #ifdef HAVE_INTTYPES_H
| # include <inttypes.h>
| #endif
| #ifdef HAVE_STDINT_H
| # include <stdint.h>
| #endif
| #ifdef HAVE_STRINGS_H
| # include <strings.h>
| #endif
| #ifdef HAVE_SYS_TYPES_H
| # include <sys/types.h>
| #endif
| #ifdef HAVE_SYS_STAT_H
| # include <sys/stat.h>
| #endif
| #ifdef HAVE_UNISTD_H
| # include <unistd.h>
| #endif
| #include <sys/ttycom.h>
configure:5242: result: no
configure:5248: checking for wait.h
configure:5248: gcc -c  -O2 -D_REENTRANT  conftest.c >&5
configure:5248: $? = 0
configure:5248: result: yes
configure:5254: checking for alloca.h
configure:5254: gcc -c  -O2 -D_REENTRANT  conftest.c >&5
configure:5254: $? = 0
configure:5254: result: yes
configure:5260: checking for sys/sendfile.h
configure:5260: gcc -c  -O2 -D_REENTRANT  conftest.c >&5
conftest.c:61:10: fatal error: sys/sendfile.h: No such file or directory
   61 | #include <sys/sendfile.h>
      |          ^~~~~~~~~~~~~~~~
compilation terminated.
configure:5260: $? = 1
configure: failed program was:
| /* confdefs.h */
| #define PACKAGE_NAME "uperf"
| #define PACKAGE_TARNAME "uperf"
| #define PACKAGE_VERSION "1.0.7"
| #define PACKAGE_STRING "uperf 1.0.7"
| #define PACKAGE_BUGREPORT "realneel@gmail.com"
| #define PACKAGE_URL ""
| #define PACKAGE "uperf"
| #define VERSION "1.0.7"
| #define HAVE_UINT64_T 1
| #define HAVE_UINT32_T 1
| #define STRAND_THREAD_ONLY 1
| #define HAVE_CPC 0
| #define HAVE_STDIO_H 1
| #define HAVE_STDLIB_H 1
| #define HAVE_STRING_H 1
| #define HAVE_INTTYPES_H 1
| #define HAVE_STDINT_H 1
| #define HAVE_STRINGS_H 1
| #define HAVE_SYS_STAT_H 1
| #define HAVE_SYS_TYPES_H 1
| #define HAVE_UNISTD_H 1
| #define STDC_HEADERS 1
| #define HAVE_STDATOMIC_H 1
| #define HAVE_SIGNAL_H 1
| #define HAVE_POLL_H 1
| #define HAVE_SYS_POLL_H 1
| #define HAVE_STDINT_H 1
| #define HAVE_TERMIO_H 1
| #define HAVE_WAIT_H 1
| #define HAVE_ALLOCA_H 1
| /* end confdefs.h.  */
| #include <stddef.h>
| #ifdef HAVE_STDIO_H
| # include <stdio.h>
| #endif
| #ifdef HAVE_STDLIB_H
| # include <stdlib.h>
| #endif
| #ifdef HAVE_STRING_H
| # include <string.h>
| #endif
| #ifdef HAVE_INTTYPES_H
| # include <inttypes.h>
| #endif
| #ifdef HAVE_STDINT_H
| # include <stdint.h>
| #endif
| #ifdef HAVE_STRINGS_H
| # include <strings.h>
| #endif
| #ifdef HAVE_SYS_TYPES_H
| # include <sys/types.h>
| #endif
| #ifdef HAVE_SYS_STAT_H
| # include <sys/stat.h>
| #endif
| #ifdef HAVE_UNISTD_H
| # include <unistd.h>
| #endif
| #include <sys/sendfile.h>
configure:5260: result: no
configure:5266: checking for sys/types.h
configure:5266: result: yes
configure:5272: checking for linux/unistd.h
configure:5272: gcc -c  -O2 -D_REENTRANT  conftest.c >&5
conftest.c:62:10: fatal error: linux/unistd.h: No such file or directory
   62 | #include <linux/unistd.h>
      |          ^~~~~~~~~~~~~~~~
compilation terminated.
configure:5272: $? = 1
configure: failed program was:
| /* confdefs.h */
| #define PACKAGE_NAME "uperf"
| #define PACKAGE_TARNAME "uperf"
| #define PACKAGE_VERSION "1.0.7"
| #define PACKAGE_STRING "uperf 1.0.7"
| #define PACKAGE_BUGREPORT "realneel@gmail.com"
| #define PACKAGE_URL ""
| #define PACKAGE "uperf"
| #define VERSION "1.0.7"
| #define HAVE_UINT64_T 1
| #define HAVE_UINT32_T 1
| #define STRAND_THREAD_ONLY 1
| #define HAVE_CPC 0
| #define HAVE_STDIO_H 1
| #define HAVE_STDLIB_H 1
| #define HAVE_STRING_H 1
| #define HAVE_INTTYPES_H 1
| #define HAVE_STDINT_H 1
| #define HAVE_STRINGS_H 1
| #define HAVE_SYS_STAT_H 1
| #define HAVE_SYS_TYPES_H 1
| #define HAVE_UNISTD_H 1
| #define STDC_HEADERS 1
| #define HAVE_STDATOMIC_H 1
| #define HAVE_SIGNAL_H 1
| #define HAVE_POLL_H 1
| #define HAVE_SYS_POLL_H 1
| #define HAVE_STDINT_H 1
| #define HAVE_TERMIO_H 1
| #define HAVE_WAIT_H 1
| #define HAVE_ALLOCA_H 1
| #define HAVE_SYS_TYPES_H 1
| /* end confdefs.h.  */
| #include <stddef.h>
| #ifdef HAVE_STDIO_H
| # include <stdio.h>
| #endif
| #ifdef HAVE_STDLIB_H
| # include <stdlib.h>
| #endif
| #ifdef HAVE_STRING_H
| # include <string.h>
| #endif
| #ifdef HAVE_INTTYPES_H
| # include <inttypes.h>
| #endif
| #ifdef HAVE_STDINT_H
| # include <stdint.h>
| #endif
| #ifdef HAVE_STRINGS_H
| # include <strings.h>
| #endif
| #ifdef HAVE_SYS_TYPES_H
| # include <sys/types.h>
| #endif
| #ifdef HAVE_SYS_STAT_H
| # include <sys/stat.h>
| #endif
| #ifdef HAVE_UNISTD_H
| # include <unistd.h>
| #endif
| #include <linux/unistd.h>
configure:5272: result: no
configure:5278: checking for sys/ioctl.h
configure:5278: gcc -c  -O2 -D_REENTRANT  conftest.c >&5
configure:5278: $? = 0
configure:5278: result: yes
configure:5284: checking for sys/uio.h
configure:5284: gcc -c  -O2 -D_REENTRANT  conftest.c >&5
configure:5284: $? = 0
configure:5284: result: yes
configure:5293: checking for nanosleep
configure:5293: gcc -o conftest.exe  -O2 -D_REENTRANT   conftest.c  >&5
configure:5293: $? = 0
configure:5293: result: yes
configure:5300: checking for pthread_self
configure:5300: gcc -o conftest.exe  -O2 -D_REENTRANT   conftest.c  >&5
configure:5300: $? = 0
configure:5300: result: yes
configure:5307: checking for _lwp_self
configure:5307: gcc -o conftest.exe  -O2 -D_REENTRANT   conftest.c  >&5
/usr/lib/gcc/x86_64-pc-cygwin/11/../../../../x86_64-pc-cygwin/bin/ld: /tmp/ccP8V9xd.o:conftest.c:(.text.startup+0xa): undefined reference to `_lwp_self'
collect2: error: ld returned 1 exit status
configure:5307: $? = 1
configure: failed program was:
| /* confdefs.h */
| #define PACKAGE_NAME "uperf"
| #define PACKAGE_TARNAME "uperf"
| #define PACKAGE_VERSION "1.0.7"
| #define PACKAGE_STRING "uperf 1.0.7"
| #define PACKAGE_BUGREPORT "realneel@gmail.com"
| #define PACKAGE_URL ""
| #define PACKAGE "uperf"
| #define VERSION "1.0.7"
| #define HAVE_UINT64_T 1
| #define HAVE_UINT32_T 1
| #define STRAND_THREAD_ONLY 1
| #define HAVE_CPC 0
| #define HAVE_STDIO_H 1
| #define HAVE_STDLIB_H 1
| #define HAVE_STRING_H 1
| #define HAVE_INTTYPES_H 1
| #define HAVE_STDINT_H 1
| #define HAVE_STRINGS_H 1
| #define HAVE_SYS_STAT_H 1
| #define HAVE_SYS_TYPES_H 1
| #define HAVE_UNISTD_H 1
| #define STDC_HEADERS 1
| #define HAVE_STDATOMIC_H 1
| #define HAVE_SIGNAL_H 1
| #define HAVE_POLL_H 1
| #define HAVE_SYS_POLL_H 1
| #define HAVE_STDINT_H 1
| #define HAVE_TERMIO_H 1
| #define HAVE_WAIT_H 1
| #define HAVE_ALLOCA_H 1
| #define HAVE_SYS_TYPES_H 1
| #define HAVE_SYS_IOCTL_H 1
| #define HAVE_SYS_UIO_H 1
| #define HAVE_NANOSLEEP 1
| #define HAVE_PTHREAD_SELF 1
| /* end confdefs.h.  */
| /* Define _lwp_self to an innocuous variant, in case <limits.h> declares _lwp_self.
|    For example, HP-UX 11i <limits.h> declares gettimeofday.  */
| #define _lwp_self innocuous__lwp_self
| 
| /* System header to define __stub macros and hopefully few prototypes,
|    which can conflict with char _lwp_self (); below.  */
| 
| #include <limits.h>
| #undef _lwp_self
| 
| /* Override any GCC internal prototype to avoid an error.
|    Use char because int might match the return type of a GCC
|    builtin and then its argument prototype would still apply.  */
| #ifdef __cplusplus
| extern "C"
| #endif
| char _lwp_self ();
| /* The GNU C library defines this for functions which it implements
|     to always fail with ENOSYS.  Some functions are actually named
|     something starting with __ and the normal name is an alias.  */
| #if defined __stub__lwp_self || defined __stub____lwp_self
| choke me
| #endif
| 
| int
| main (void)
| {
| return _lwp_self ();
|   ;
|   return 0;
| }
configure:5307: result: no
configure:5314: checking for strncpy
configure:5314: gcc -o conftest.exe  -O2 -D_REENTRANT   conftest.c  >&5
conftest.c:54:6: warning: conflicting types for built-in function 'strncpy'; expected 'char *(char *, const char *, long unsigned int)' [-Wbuiltin-declaration-mismatch]
   54 | char strncpy ();
      |      ^~~~~~~
conftest.c:46:1: note: 'strncpy' is declared in header '<string.h>'
   45 | #include <limits.h>
   46 | #undef strncpy
configure:5314: $? = 0
configure:5314: result: yes
configure:5321: checking for strncat
configure:5321: gcc -o conftest.exe  -O2 -D_REENTRANT   conftest.c  >&5
conftest.c:55:6: warning: conflicting types for built-in function 'strncat'; expected 'char *(char *, const char *, long unsigned int)' [-Wbuiltin-declaration-mismatch]
   55 | char strncat ();
      |      ^~~~~~~
conftest.c:47:1: note: 'strncat' is declared in header '<string.h>'
   46 | #include <limits.h>
   47 | #undef strncat
configure:5321: $? = 0
configure:5321: result: yes
configure:5328: checking for strlcpy
configure:5328: gcc -o conftest.exe  -O2 -D_REENTRANT   conftest.c  >&5
configure:5328: $? = 0
configure:5328: result: yes
configure:5335: checking for strlcat
configure:5335: gcc -o conftest.exe  -O2 -D_REENTRANT   conftest.c  >&5
configure:5335: $? = 0
configure:5335: result: yes
configure:5342: checking for gethrvtime
configure:5342: gcc -o conftest.exe  -O2 -D_REENTRANT   conftest.c  >&5
/usr/lib/gcc/x86_64-pc-cygwin/11/../../../../x86_64-pc-cygwin/bin/ld: /tmp/ccYPRyzX.o:conftest.c:(.text.startup+0xa): undefined reference to `gethrvtime'
collect2: error: ld returned 1 exit status
configure:5342: $? = 1
configure: failed program was:
| /* confdefs.h */
| #define PACKAGE_NAME "uperf"
| #define PACKAGE_TARNAME "uperf"
| #define PACKAGE_VERSION "1.0.7"
| #define PACKAGE_STRING "uperf 1.0.7"
| #define PACKAGE_BUGREPORT "realneel@gmail.com"
| #define PACKAGE_URL ""
| #define PACKAGE "uperf"
| #define VERSION "1.0.7"
| #define HAVE_UINT64_T 1
| #define HAVE_UINT32_T 1
| #define STRAND_THREAD_ONLY 1
| #define HAVE_CPC 0
| #define HAVE_STDIO_H 1
| #define HAVE_STDLIB_H 1
| #define HAVE_STRING_H 1
| #define HAVE_INTTYPES_H 1
| #define HAVE_STDINT_H 1
| #define HAVE_STRINGS_H 1
| #define HAVE_SYS_STAT_H 1
| #define HAVE_SYS_TYPES_H 1
| #define HAVE_UNISTD_H 1
| #define STDC_HEADERS 1
| #define HAVE_STDATOMIC_H 1
| #define HAVE_SIGNAL_H 1
| #define HAVE_POLL_H 1
| #define HAVE_SYS_POLL_H 1
| #define HAVE_STDINT_H 1
| #define HAVE_TERMIO_H 1
| #define HAVE_WAIT_H 1
| #define HAVE_ALLOCA_H 1
| #define HAVE_SYS_TYPES_H 1
| #define HAVE_SYS_IOCTL_H 1
| #define HAVE_SYS_UIO_H 1
| #define HAVE_NANOSLEEP 1
| #define HAVE_PTHREAD_SELF 1
| #define HAVE_STRNCPY 1
| #define HAVE_STRNCAT 1
| #define HAVE_STRLCPY 1
| #define HAVE_STRLCAT 1
| /* end confdefs.h.  */
| /* Define gethrvtime to an innocuous variant, in case <limits.h> declares gethrvtime.
|    For example, HP-UX 11i <limits.h> declares gettimeofday.  */
| #define gethrvtime innocuous_gethrvtime
| 
| /* System header to define __stub macros and hopefully few prototypes,
|    which can conflict with char gethrvtime (); below.  */
| 
| #include <limits.h>
| #undef gethrvtime
| 
| /* Override any GCC internal prototype to avoid an error.
|    Use char because int might match the return type of a GCC
|    builtin and then its argument prototype would still apply.  */
| #ifdef __cplusplus
| extern "C"
| #endif
| char gethrvtime ();
| /* The GNU C library defines this for functions which it implements
|     to always fail with ENOSYS.  Some functions are actually named
|     something starting with __ and the normal name is an alias.  */
| #if defined __stub_gethrvtime || defined __stub___gethrvtime
| choke me
| #endif
| 
| int
| main (void)
| {
| return gethrvtime ();
|   ;
|   return 0;
| }
configure:5342: result: no
configure:5352: checking for gethrtime
configure:5352: gcc -o conftest.exe  -O2 -D_REENTRANT   conftest.c  >&5
/usr/lib/gcc/x86_64-pc-cygwin/11/../../../../x86_64-pc-cygwin/bin/ld: /tmp/cc4xD3E7.o:conftest.c:(.text.startup+0xa): undefined reference to `gethrtime'
collect2: error: ld returned 1 exit status
configure:5352: $? = 1
configure: failed program was:
| /* confdefs.h */
| #define PACKAGE_NAME "uperf"
| #define PACKAGE_TARNAME "uperf"
| #define PACKAGE_VERSION "1.0.7"
| #define PACKAGE_STRING "uperf 1.0.7"
| #define PACKAGE_BUGREPORT "realneel@gmail.com"
| #define PACKAGE_URL ""
| #define PACKAGE "uperf"
| #define VERSION "1.0.7"
| #define HAVE_UINT64_T 1
| #define HAVE_UINT32_T 1
| #define STRAND_THREAD_ONLY 1
| #define HAVE_CPC 0
| #define HAVE_STDIO_H 1
| #define HAVE_STDLIB_H 1
| #define HAVE_STRING_H 1
| #define HAVE_INTTYPES_H 1
| #define HAVE_STDINT_H 1
| #define HAVE_STRINGS_H 1
| #define HAVE_SYS_STAT_H 1
| #define HAVE_SYS_TYPES_H 1
| #define HAVE_UNISTD_H 1
| #define STDC_HEADERS 1
| #define HAVE_STDATOMIC_H 1
| #define HAVE_SIGNAL_H 1
| #define HAVE_POLL_H 1
| #define HAVE_SYS_POLL_H 1
| #define HAVE_STDINT_H 1
| #define HAVE_TERMIO_H 1
| #define HAVE_WAIT_H 1
| #define HAVE_ALLOCA_H 1
| #define HAVE_SYS_TYPES_H 1
| #define HAVE_SYS_IOCTL_H 1
| #define HAVE_SYS_UIO_H 1
| #define HAVE_NANOSLEEP 1
| #define HAVE_PTHREAD_SELF 1
| #define HAVE_STRNCPY 1
| #define HAVE_STRNCAT 1
| #define HAVE_STRLCPY 1
| #define HAVE_STRLCAT 1
| /* end confdefs.h.  */
| /* Define gethrtime to an innocuous variant, in case <limits.h> declares gethrtime.
|    For example, HP-UX 11i <limits.h> declares gettimeofday.  */
| #define gethrtime innocuous_gethrtime
| 
| /* System header to define __stub macros and hopefully few prototypes,
|    which can conflict with char gethrtime (); below.  */
| 
| #include <limits.h>
| #undef gethrtime
| 
| /* Override any GCC internal prototype to avoid an error.
|    Use char because int might match the return type of a GCC
|    builtin and then its argument prototype would still apply.  */
| #ifdef __cplusplus
| extern "C"
| #endif
| char gethrtime ();
| /* The GNU C library defines this for functions which it implements
|     to always fail with ENOSYS.  Some functions are actually named
|     something starting with __ and the normal name is an alias.  */
| #if defined __stub_gethrtime || defined __stub___gethrtime
| choke me
| #endif
| 
| int
| main (void)
| {
| return gethrtime ();
|   ;
|   return 0;
| }
configure:5352: result: no
configure:5361: checking for clock_gettime
configure:5361: gcc -o conftest.exe  -O2 -D_REENTRANT   conftest.c  >&5
configure:5361: $? = 0
configure:5361: result: yes
configure:5387: checking whether to enable debug mode
configure:5408: result: no
configure:5422: checking whether to enable udp support
configure:5444: result: yes
configure:5461: checking whether to enable rds support
configure:5495: result: no
configure:5499: checking whether to enable sctp support
configure:5637: result: no
configure:5641: checking whether to enable vsock support
configure:5652: result: yes
configure:5656: checking for linux/vm_sockets.h
configure:5656: gcc -c  -O2 -D_REENTRANT  conftest.c >&5
conftest.c:47:10: fatal error: linux/vm_sockets.h: No such file or directory
   47 | #include <linux/vm_sockets.h>
      |          ^~~~~~~~~~~~~~~~~~~~
compilation terminated.
configure:5656: $? = 1
configure: failed program was:
| /* confdefs.h */
| #define PACKAGE_NAME "uperf"
| #define PACKAGE_TARNAME "uperf"
| #define PACKAGE_VERSION "1.0.7"
| #define PACKAGE_STRING "uperf 1.0.7"
| #define PACKAGE_BUGREPORT "realneel@gmail.com"
| #define PACKAGE_URL ""
| #define PACKAGE "uperf"
| #define VERSION "1.0.7"
| #define HAVE_UINT64_T 1
| #define HAVE_UINT32_T 1
| #define STRAND_THREAD_ONLY 1
| #define HAVE_CPC 0
| #define HAVE_STDIO_H 1
| #define HAVE_STDLIB_H 1
| #define HAVE_STRING_H 1
| #define HAVE_INTTYPES_H 1
| #define HAVE_STDINT_H 1
| #define HAVE_STRINGS_H 1
| #define HAVE_SYS_STAT_H 1
| #define HAVE_SYS_TYPES_H 1
| #define HAVE_UNISTD_H 1
| #define STDC_HEADERS 1
| #define HAVE_STDATOMIC_H 1
| #define HAVE_SIGNAL_H 1
| #define HAVE_POLL_H 1
| #define HAVE_SYS_POLL_H 1
| #define HAVE_STDINT_H 1
| #define HAVE_TERMIO_H 1
| #define HAVE_WAIT_H 1
| #define HAVE_ALLOCA_H 1
| #define HAVE_SYS_TYPES_H 1
| #define HAVE_SYS_IOCTL_H 1
| #define HAVE_SYS_UIO_H 1
| #define HAVE_NANOSLEEP 1
| #define HAVE_PTHREAD_SELF 1
| #define HAVE_STRNCPY 1
| #define HAVE_STRNCAT 1
| #define HAVE_STRLCPY 1
| #define HAVE_STRLCAT 1
| #define HAVE_CLOCK_GETTIME 1
| #define HAVE_UDP 1
| /* end confdefs.h.  */
| #include <sys/socket.h>
| 
| 
| #include <linux/vm_sockets.h>
configure:5656: result: no
configure:5720: checking whether to enable ssl support
configure:5800: result: no
configure:5931: checking that generated files are newer than configure
configure:5937: result: done
configure:6056: creating ./config.status

## ---------------------- ##
## Running config.status. ##
## ---------------------- ##

This file was extended by uperf config.status 1.0.7, which was
generated by GNU Autoconf 2.71.  Invocation command line was

  CONFIG_FILES    = 
  CONFIG_HEADERS  = 
  CONFIG_LINKS    = 
  CONFIG_COMMANDS = 
  $ ./config.status 

on ovnhybrid

config.status:896: creating Makefile
config.status:896: creating src/Makefile
config.status:896: creating tests/Makefile
config.status:896: creating workloads/Makefile
config.status:896: creating config.h
config.status:1125: executing depfiles commands
config.status:1202: cd src       && sed -e '/# am--include-marker/d' Makefile         | make -f - am--depfiles
make: Nothing to be done for 'am--depfiles'.
config.status:1207: $? = 0

## ---------------- ##
## Cache variables. ##
## ---------------- ##

ac_cv_c_compiler_gnu=yes
ac_cv_env_CC_set=
ac_cv_env_CC_value=
ac_cv_env_CFLAGS_set=
ac_cv_env_CFLAGS_value=
ac_cv_env_CPPFLAGS_set=
ac_cv_env_CPPFLAGS_value=
ac_cv_env_LDFLAGS_set=
ac_cv_env_LDFLAGS_value=
ac_cv_env_LIBS_set=
ac_cv_env_LIBS_value=
ac_cv_env_build_alias_set=
ac_cv_env_build_alias_value=
ac_cv_env_host_alias_set=
ac_cv_env_host_alias_value=
ac_cv_env_target_alias_set=
ac_cv_env_target_alias_value=
ac_cv_exeext=.exe
ac_cv_func__lwp_self=no
ac_cv_func_clock_gettime=yes
ac_cv_func_gethrtime=no
ac_cv_func_gethrvtime=no
ac_cv_func_nanosleep=yes
ac_cv_func_pthread_self=yes
ac_cv_func_strlcat=yes
ac_cv_func_strlcpy=yes
ac_cv_func_strncat=yes
ac_cv_func_strncpy=yes
ac_cv_header_alloca_h=yes
ac_cv_header_atomic_h=no
ac_cv_header_inttypes_h=yes
ac_cv_header_linux_unistd_h=no
ac_cv_header_linux_vm_sockets_h=no
ac_cv_header_poll_h=yes
ac_cv_header_siginfo_h=no
ac_cv_header_signal_h=yes
ac_cv_header_stdatomic_h=yes
ac_cv_header_stdint_h=yes
ac_cv_header_stdio_h=yes
ac_cv_header_stdlib_h=yes
ac_cv_header_string_h=yes
ac_cv_header_strings_h=yes
ac_cv_header_stropts_h=no
ac_cv_header_sys_byteorder_h=no
ac_cv_header_sys_int_limits_h=no
ac_cv_header_sys_ioctl_h=yes
ac_cv_header_sys_lwp_h=no
ac_cv_header_sys_poll_h=yes
ac_cv_header_sys_sendfile_h=no
ac_cv_header_sys_stat_h=yes
ac_cv_header_sys_ttycom_h=no
ac_cv_header_sys_types_h=yes
ac_cv_header_sys_uio_h=yes
ac_cv_header_sys_varargs_h=no
ac_cv_header_termio_h=yes
ac_cv_header_unistd_h=yes
ac_cv_header_wait_h=yes
ac_cv_lib_cpc_cpc_open=no
ac_cv_lib_cpc_cpc_version=no
ac_cv_lib_kstat_kstat_open=no
ac_cv_objext=o
ac_cv_path_install='/usr/bin/install -c'
ac_cv_path_mkdir=/usr/bin/mkdir
ac_cv_prog_AWK=gawk
ac_cv_prog_ac_ct_CC=gcc
ac_cv_prog_ac_ct_RANLIB=ranlib
ac_cv_prog_cc_c11=
ac_cv_prog_cc_g=yes
ac_cv_prog_cc_stdc=
ac_cv_prog_make_make_set=yes
ac_cv_type_hrtime_t=no
ac_cv_type_uint32_t=yes
ac_cv_type_uint64_t=yes
am_cv_CC_dependencies_compiler_type=gcc3
am_cv_make_support_nested_variables=yes
am_cv_prog_cc_c_o=yes

## ----------------- ##
## Output variables. ##
## ----------------- ##

ACLOCAL='${SHELL} '\''/home/vkommadi/uperf/missing'\'' aclocal-1.16'
AMDEPBACKSLASH='\'
AMDEP_FALSE='#'
AMDEP_TRUE=''
AMTAR='$${TAR-tar}'
AM_BACKSLASH='\'
AM_DEFAULT_V='$(AM_DEFAULT_VERBOSITY)'
AM_DEFAULT_VERBOSITY='1'
AM_V='$(V)'
AUTOCONF='${SHELL} '\''/home/vkommadi/uperf/missing'\'' autoconf'
AUTOHEADER='${SHELL} '\''/home/vkommadi/uperf/missing'\'' autoheader'
AUTOMAKE='${SHELL} '\''/home/vkommadi/uperf/missing'\'' automake-1.16'
AWK='gawk'
CC='gcc'
CCDEPMODE='depmode=gcc3'
CFLAGS=' -O2 -D_REENTRANT'
CPPFLAGS=''
CSCOPE='cscope'
CTAGS='ctags'
CYGPATH_W='cygpath -w'
DEBUG_FALSE=''
DEBUG_TRUE='#'
DEFS='-DHAVE_CONFIG_H'
DEPDIR='.deps'
ECHO_C=''
ECHO_N='-n'
ECHO_T=''
ENABLE_NETSTAT_FALSE=''
ENABLE_NETSTAT_TRUE='#'
ETAGS='etags'
EXEEXT='.exe'
HAVE_CPC_FALSE=''
HAVE_CPC_TRUE='#'
HAVE_KSTAT_FALSE=''
HAVE_KSTAT_TRUE='#'
HAVE_PROCESSES_FALSE=''
HAVE_PROCESSES_TRUE='#'
INSTALL_DATA='${INSTALL} -m 644'
INSTALL_PROGRAM='${INSTALL}'
INSTALL_SCRIPT='${INSTALL}'
INSTALL_STRIP_PROGRAM='$(install_sh) -c -s'
LDFLAGS=''
LIBOBJS=''
LIBS=''
LTLIBOBJS=''
MAKEINFO='${SHELL} '\''/home/vkommadi/uperf/missing'\'' makeinfo'
MKDIR_P='/usr/bin/mkdir -p'
OBJEXT='o'
PACKAGE='uperf'
PACKAGE_BUGREPORT='realneel@gmail.com'
PACKAGE_NAME='uperf'
PACKAGE_STRING='uperf 1.0.7'
PACKAGE_TARNAME='uperf'
PACKAGE_URL=''
PACKAGE_VERSION='1.0.7'
PATH_SEPARATOR=':'
RANLIB='ranlib'
RDS_C_FALSE=''
RDS_C_TRUE='#'
SCTP_C_FALSE=''
SCTP_C_TRUE='#'
SET_MAKE=''
SHELL='/bin/sh'
SSL_C_FALSE=''
SSL_C_TRUE='#'
STRIP=''
UDP_C_FALSE='#'
UDP_C_TRUE=''
UPERF_LIBS=''
VERSION='1.0.7'
VSOCK_C_FALSE=''
VSOCK_C_TRUE='#'
ac_ct_CC='gcc'
am__EXEEXT_FALSE='#'
am__EXEEXT_TRUE=''
am__fastdepCC_FALSE='#'
am__fastdepCC_TRUE=''
am__include='include'
am__isrc=''
am__leading_dot='.'
am__nodep='_no'
am__quote=''
am__tar='$${TAR-tar} chof - "$$tardir"'
am__untar='$${TAR-tar} xf -'
bindir='${exec_prefix}/bin'
build_alias=''
datadir='${datarootdir}'
datarootdir='${prefix}/share'
docdir='${datarootdir}/doc/${PACKAGE_TARNAME}'
dvidir='${docdir}'
exec_prefix='${prefix}'
host_alias=''
htmldir='${docdir}'
includedir='${prefix}/include'
infodir='${datarootdir}/info'
install_sh='${SHELL} /home/vkommadi/uperf/install-sh'
libdir='${exec_prefix}/lib'
libexecdir='${exec_prefix}/libexec'
localedir='${datarootdir}/locale'
localstatedir='${prefix}/var'
mandir='${datarootdir}/man'
mkdir_p='$(MKDIR_P)'
oldincludedir='/usr/include'
pdfdir='${docdir}'
prefix='/usr/local'
program_transform_name='s,x,x,'
psdir='${docdir}'
runstatedir='${localstatedir}/run'
sbindir='${exec_prefix}/sbin'
sharedstatedir='${prefix}/com'
sysconfdir='${prefix}/etc'
target_alias=''

## ----------- ##
## confdefs.h. ##
## ----------- ##

/* confdefs.h */
#define PACKAGE_NAME "uperf"
#define PACKAGE_TARNAME "uperf"
#define PACKAGE_VERSION "1.0.7"
#define PACKAGE_STRING "uperf 1.0.7"
#define PACKAGE_BUGREPORT "realneel@gmail.com"
#define PACKAGE_URL ""
#define PACKAGE "uperf"
#define VERSION "1.0.7"
#define HAVE_UINT64_T 1
#define HAVE_UINT32_T 1
#define STRAND_THREAD_ONLY 1
#define HAVE_CPC 0
#define HAVE_STDIO_H 1
#define HAVE_STDLIB_H 1
#define HAVE_STRING_H 1
#define HAVE_INTTYPES_H 1
#define HAVE_STDINT_H 1
#define HAVE_STRINGS_H 1
#define HAVE_SYS_STAT_H 1
#define HAVE_SYS_TYPES_H 1
#define HAVE_UNISTD_H 1
#define STDC_HEADERS 1
#define HAVE_STDATOMIC_H 1
#define HAVE_SIGNAL_H 1
#define HAVE_POLL_H 1
#define HAVE_SYS_POLL_H 1
#define HAVE_STDINT_H 1
#define HAVE_TERMIO_H 1
#define HAVE_WAIT_H 1
#define HAVE_ALLOCA_H 1
#define HAVE_SYS_TYPES_H 1
#define HAVE_SYS_IOCTL_H 1
#define HAVE_SYS_UIO_H 1
#define HAVE_NANOSLEEP 1
#define HAVE_PTHREAD_SELF 1
#define HAVE_STRNCPY 1
#define HAVE_STRNCAT 1
#define HAVE_STRLCPY 1
#define HAVE_STRLCAT 1
#define HAVE_CLOCK_GETTIME 1
#define HAVE_UDP 1
#define CONFIGURED_ON "Thu Sep 22 14:27:57 UTC 2022"
#define BUILD_DATE "Thu Sep 22 14:27:57 UTC 2022"

configure: exit 0
